0 info it worked if it ends with ok
1 verbose cli [ 'node', '/usr/local/bin/npm', 'install', '-g' ]
2 info using npm@2.0.0-beta.0
3 info using node@v0.10.31
4 verbose node symlink /usr/local/bin/node
5 verbose cache add [ '.', null ]
6 verbose cache add spec="." args=[".",null]
7 verbose cache add local package /Users/silverbux/Projects/www/silverdots
8 silly lockFile 3a52ce78- .
9 verbose lock . /Users/silverbux/.npm/3a52ce78-.lock
10 silly lockFile 3a52ce78- .
11 silly lockFile 3a52ce78- .
12 error addLocal Could not install .
13 error Error: ENOENT, open 'package.json'
14 error If you need help, you may report this *entire* log,
14 error including the npm and node versions, at:
14 error     <http://github.com/npm/npm/issues>
15 error System Darwin 14.0.0
16 error command "node" "/usr/local/bin/npm" "install" "-g"
17 error cwd /Users/silverbux/Projects/www/silverdots
18 error node -v v0.10.31
19 error npm -v 2.0.0-beta.0
20 error path package.json
21 error code ENOENT
22 error errno 34
23 verbose exit [ 34, true ]
